<?xml version="1.0" encoding="UTF-8"?>
<testng-results ignored="0" total="1" passed="1" failed="0" skipped="0">
  <reporter-output>
  </reporter-output>
  <suite started-at="2024-07-16T18:21:11 IST" name="Suite" finished-at="2024-07-16T18:21:21 IST" duration-ms="10197">
    <groups>
    </groups>
    <test started-at="2024-07-16T18:21:11 IST" name="Test" finished-at="2024-07-16T18:21:21 IST" duration-ms="10197">
      <class name="testCases.LoginTestCase">
        <test-method is-config="true" signature="start()[pri:0, instance:testCases.LoginTestCase@60dcc9fe]" started-at="2024-07-16T18:21:11 IST" name="start" finished-at="2024-07-16T18:21:18 IST" duration-ms="7077" status="PASS">
          <reporter-output>
          </reporter-output>
        </test-method> <!-- start -->
        <test-method signature="loginFunc()[pri:0, instance:testCases.LoginTestCase@60dcc9fe]" started-at="2024-07-16T18:21:18 IST" name="loginFunc" finished-at="2024-07-16T18:21:21 IST" duration-ms="2747" status="PASS">
          <reporter-output>
          </reporter-output>
        </test-method> <!-- loginFunc -->
        <test-method is-config="true" signature="tearDown()[pri:0, instance:testCases.LoginTestCase@60dcc9fe]" started-at="2024-07-16T18:21:21 IST" name="tearDown" finished-at="2024-07-16T18:21:21 IST" duration-ms="325" status="PASS">
          <reporter-output>
          </reporter-output>
        </test-method> <!-- tearDown -->
      </class> <!-- testCases.LoginTestCase -->
    </test> <!-- Test -->
  </suite> <!-- Suite -->
</testng-results>
