<?xml version="1.0" encoding="UTF-8"?>
<testng-results ignored="0" total="1" passed="1" failed="0" skipped="0">
  <reporter-output>
  </reporter-output>
  <suite started-at="2024-07-16T18:20:39 IST" name="Suite" finished-at="2024-07-16T18:20:49 IST" duration-ms="9587">
    <groups>
    </groups>
    <test started-at="2024-07-16T18:20:39 IST" name="Test" finished-at="2024-07-16T18:20:49 IST" duration-ms="9587">
      <class name="testCases.LoginTestCase">
        <test-method is-config="true" signature="start()[pri:0, instance:testCases.LoginTestCase@1d9b7cce]" started-at="2024-07-16T18:20:39 IST" name="start" finished-at="2024-07-16T18:20:45 IST" duration-ms="6380" status="PASS">
          <reporter-output>
          </reporter-output>
        </test-method> <!-- start -->
        <test-method signature="loginFunc()[pri:0, instance:testCases.LoginTestCase@1d9b7cce]" started-at="2024-07-16T18:20:45 IST" name="loginFunc" finished-at="2024-07-16T18:20:48 IST" duration-ms="2815" status="PASS">
          <reporter-output>
          </reporter-output>
        </test-method> <!-- loginFunc -->
        <test-method is-config="true" signature="tearDown()[pri:0, instance:testCases.LoginTestCase@1d9b7cce]" started-at="2024-07-16T18:20:48 IST" name="tearDown" finished-at="2024-07-16T18:20:49 IST" duration-ms="331" status="PASS">
          <reporter-output>
          </reporter-output>
        </test-method> <!-- tearDown -->
      </class> <!-- testCases.LoginTestCase -->
    </test> <!-- Test -->
  </suite> <!-- Suite -->
</testng-results>
